<?xml version="1.0" encoding="UTF-8"?>
<testsuite xmlns:xsi="http://www.w3.org/2001/XMLSchema-instance" xsi:noNamespaceSchemaLocation="https://maven.apache.org/surefire/maven-surefire-plugin/xsd/surefire-test-report-3.0.xsd" version="3.0" name="com.example.zipcodeimporter.ZipcodeImporterApplicationTests" time="1.387" tests="1" errors="0" skipped="0" failures="0">
  <properties>
[...]
</properties>
  <testcase name="contextLoads" classname="com.example.zipcodeimporter.ZipcodeImporterApplicationTests" time="0.481">
    <system-out><![CDATA[07:37:01.256 [main] INFO org.springframework.test.context.support.AnnotationConfigContextLoaderUtils -- Could not detect default configuration classes for test class [com.example.zipcodeimporter.ZipcodeImporterApplicationTests]: ZipcodeImporterApplicationTests does not declare any static, non-private, non-final, nested classes annotated with @Configuration.
07:37:01.300 [main] INFO org.springframework.boot.test.context.SpringBootTestContextBootstrapper -- Found @SpringBootConfiguration com.example.zipcodeimporter.ZipcodeImporterApplication for test class com.example.zipcodeimporter.ZipcodeImporterApplicationTests
07:37:01.360 [main] INFO org.springframework.boot.devtools.restart.RestartApplicationListener -- Restart disabled due to context in which it is running

  .   ____          _            __ _ _
 /\\ / ___'_ __ _ _(_)_ __  __ _ \ \ \ \
( ( )\___ | '_ | '_| | '_ \/ _` | \ \ \ \
 \\/  ___)| |_)| | | | | || (_| |  ) ) ) )
  '  |____| .__|_| |_|_| |_\__, | / / / /
 =========|_|==============|___/=/_/_/_/

 :: Spring Boot ::                (v3.3.3)

2024-09-10T07:37:01.499-07:00  INFO 78782 --- [zipcode-importer] [           main] c.e.z.ZipcodeImporterApplicationTests    : Starting ZipcodeImporterApplicationTests using Java 22.0.2 with PID 78782 (started by josh.mccluskey in /Users/josh.mccluskey/Desktop/zipcode-importer)
2024-09-10T07:37:01.499-07:00  INFO 78782 --- [zipcode-importer] [           main] c.e.z.ZipcodeImporterApplicationTests    : No active profile set, falling back to 1 default profile: "default"
2024-09-10T07:37:01.633-07:00  INFO 78782 --- [zipcode-importer] [           main] .s.d.r.c.RepositoryConfigurationDelegate : Bootstrapping Spring Data MongoDB repositories in DEFAULT mode.
2024-09-10T07:37:01.651-07:00  INFO 78782 --- [zipcode-importer] [           main] .s.d.r.c.RepositoryConfigurationDelegate : Finished Spring Data repository scanning in 17 ms. Found 1 MongoDB repository interface.
2024-09-10T07:37:01.875-07:00  INFO 78782 --- [zipcode-importer] [tqp.mongodb.net] org.mongodb.driver.cluster               : Adding discovered server bondtest-shard-00-00.qgtqp.mongodb.net:27016 to client view of cluster
2024-09-10T07:37:01.879-07:00  INFO 78782 --- [zipcode-importer] [           main] org.mongodb.driver.client                : MongoClient with metadata {"application": {"name": "bondTest"}, "driver": {"name": "mongo-java-driver|sync|spring-boot", "version": "5.0.1"}, "os": {"type": "Darwin", "name": "Mac OS X", "architecture": "aarch64", "version": "14.6.1"}, "platform": "Java/Homebrew/22.0.2"} created with settings MongoClientSettings{readPreference=primary, writeConcern=WriteConcern{w=majority, wTimeout=null ms, journal=null}, retryWrites=true, retryReads=true, readConcern=ReadConcern{level=null}, credential=MongoCredential{mechanism=null, userName='admin', source='admin', password=<hidden>, mechanismProperties=<hidden>}, transportSettings=null, commandListeners=[], codecRegistry=ProvidersCodecRegistry{codecProviders=[ValueCodecProvider{}, BsonValueCodecProvider{}, DBRefCodecProvider{}, DBObjectCodecProvider{}, DocumentCodecProvider{}, CollectionCodecProvider{}, IterableCodecProvider{}, MapCodecProvider{}, GeoJsonCodecProvider{}, GridFSFileCodecProvider{}, Jsr310CodecProvider{}, JsonObjectCodecProvider{}, BsonCodecProvider{}, EnumCodecProvider{}, com.mongodb.client.model.mql.ExpressionCodecProvider@2e1ddc90, com.mongodb.Jep395RecordCodecProvider@5b7c8930, com.mongodb.KotlinCodecProvider@58867cd5]}, loggerSettings=LoggerSettings{maxDocumentLength=1000}, clusterSettings={hosts=[127.0.0.1:27017], srvHost=bondtest.qgtqp.mongodb.net, srvServiceName=mongodb, mode=MULTIPLE, requiredClusterType=UNKNOWN, requiredReplicaSetName='null', serverSelector='null', clusterListeners='[]', serverSelectionTimeout='30000 ms', localThreshold='15 ms'}, socketSettings=SocketSettings{connectTimeoutMS=10000, readTimeoutMS=0, receiveBufferSize=0, proxySettings=ProxySettings{host=null, port=null, username=null, password=null}}, heartbeatSocketSettings=SocketSettings{connectTimeoutMS=10000, readTimeoutMS=10000, receiveBufferSize=0, proxySettings=ProxySettings{host=null, port=null, username=null, password=null}}, connectionPoolSettings=ConnectionPoolSettings{maxSize=100, minSize=0, maxWaitTimeMS=120000, maxConnectionLifeTimeMS=0, maxConnectionIdleTimeMS=0, maintenanceInitialDelayMS=0, maintenanceFrequencyMS=60000, connectionPoolListeners=[], maxConnecting=2}, serverSettings=ServerSettings{heartbeatFrequencyMS=10000, minHeartbeatFrequencyMS=500, serverListeners='[]', serverMonitorListeners='[]'}, sslSettings=SslSettings{enabled=true, invalidHostNameAllowed=false, context=null}, applicationName='bondTest', compressorList=[], uuidRepresentation=JAVA_LEGACY, serverApi=null, autoEncryptionSettings=null, dnsClient=null, inetAddressResolver=null, contextProvider=null}
2024-09-10T07:37:01.886-07:00  INFO 78782 --- [zipcode-importer] [tqp.mongodb.net] org.mongodb.driver.cluster               : Adding discovered server bondtest-shard-01-00.qgtqp.mongodb.net:27016 to client view of cluster
2024-09-10T07:37:01.888-07:00  INFO 78782 --- [zipcode-importer] [tqp.mongodb.net] org.mongodb.driver.cluster               : Adding discovered server bondtest-shard-01-01.qgtqp.mongodb.net:27016 to client view of cluster
2024-09-10T07:37:01.889-07:00  INFO 78782 --- [zipcode-importer] [tqp.mongodb.net] org.mongodb.driver.cluster               : Adding discovered server bondtest-shard-02-01.qgtqp.mongodb.net:27016 to client view of cluster
2024-09-10T07:37:01.891-07:00  INFO 78782 --- [zipcode-importer] [tqp.mongodb.net] org.mongodb.driver.cluster               : Adding discovered server bondtest-shard-02-00.qgtqp.mongodb.net:27016 to client view of cluster
2024-09-10T07:37:01.892-07:00  INFO 78782 --- [zipcode-importer] [tqp.mongodb.net] org.mongodb.driver.cluster               : Adding discovered server bondtest-shard-00-02.qgtqp.mongodb.net:27016 to client view of cluster
2024-09-10T07:37:01.894-07:00  INFO 78782 --- [zipcode-importer] [tqp.mongodb.net] org.mongodb.driver.cluster               : Adding discovered server bondtest-shard-01-02.qgtqp.mongodb.net:27016 to client view of cluster
2024-09-10T07:37:01.895-07:00  INFO 78782 --- [zipcode-importer] [tqp.mongodb.net] org.mongodb.driver.cluster               : Adding discovered server bondtest-shard-02-02.qgtqp.mongodb.net:27016 to client view of cluster
2024-09-10T07:37:01.896-07:00  INFO 78782 --- [zipcode-importer] [tqp.mongodb.net] org.mongodb.driver.cluster               : Adding discovered server bondtest-shard-00-01.qgtqp.mongodb.net:27016 to client view of cluster
2024-09-10T07:37:02.066-07:00  INFO 78782 --- [zipcode-importer] [           main] c.e.z.ZipcodeImporterApplicationTests    : Started ZipcodeImporterApplicationTests in 0.712 seconds (process running for 1.141)
Please provide the CSV file path as a command-line argument.
]]></system-out>
    <system-err><![CDATA[WARNING: A Java agent has been loaded dynamically (/Users/josh.mccluskey/.m2/repository/net/bytebuddy/byte-buddy-agent/1.14.19/byte-buddy-agent-1.14.19.jar)
WARNING: If a serviceability tool is in use, please run with -XX:+EnableDynamicAgentLoading to hide this warning
WARNING: If a serviceability tool is not in use, please run with -Djdk.instrument.traceUsage for more information
WARNING: Dynamic loading of agents will be disallowed by default in a future release
]]></system-err>
  </testcase>
</testsuite>